已經開始建置於 2022/4/28 下午 08:20:34。
     1>節點 2 (Build 目標) 上的專案 "D:\year4_1\ImgProcess\HW2_2\HW2_2\HW2_2.vcxproj"。
     1>ClCompile:
         C:\Program Files (x86)\VC\bin\x86_amd64\CL.exe /c /ZI /nologo /W3 /WX- /sdl /Od /D _WINDOWS /D _DEBUG /D _CRT_SECURE_NO_WARNINGS /D _UNICODE /D UNICODE /Gm /EHsc /RTC1 /MTd /GS /fp:precise /Zc:wchar_t /Zc:forScope /Zc:inline /Yc"stdafx.h" /Fp"x64\Debug\HW2_2.pch" /Fo"x64\Debug\\" /Fd"x64\Debug\vc140.pdb" /Gd /TP /errorReport:prompt stdafx.cpp
         stdafx.cpp
         C:\Program Files (x86)\VC\bin\x86_amd64\CL.exe /c /ZI /nologo /W3 /WX- /sdl /Od /D _WINDOWS /D _DEBUG /D _CRT_SECURE_NO_WARNINGS /D _UNICODE /D UNICODE /Gm /EHsc /RTC1 /MTd /GS /fp:precise /Zc:wchar_t /Zc:forScope /Zc:inline /Yu"stdafx.h" /Fp"x64\Debug\HW2_2.pch" /Fo"x64\Debug\\" /Fd"x64\Debug\vc140.pdb" /Gd /TP /errorReport:prompt HW2_2.cpp HW2_2Dlg.cpp
         HW2_2Dlg.cpp
     1>d:\year4_1\imgprocess\hw2_2\hw2_2\hw2_2dlg.cpp(221): warning C4244: '引數': 將 'int' 轉換為 'float'，由於類型不同，可能導致資料遺失
         HW2_2.cpp
         正在產生程式碼...
       ResourceCompile:
         C:\Program Files (x86)\Windows Kits\8.1\bin\x86\rc.exe /D _DEBUG /D _UNICODE /D UNICODE /l"0x0404" /Ix64\Debug\ /nologo /fo"x64\Debug\HW2_2.res" HW2_2.rc 
       Link:
         C:\Program Files (x86)\VC\bin\x86_amd64\link.exe /ERRORREPORT:PROMPT /OUT:"D:\year4_1\ImgProcess\HW2_2\x64\Debug\HW2_2.exe" /INCREMENTAL /NOLOGO opencv_world331d.lib /MANIFEST /MANIFESTUAC:"level='asInvoker' uiAccess='false'" /manifest:embed /manifestinput:"C:\Program Files (x86)\VC\Include\Manifest\dpiaware.manifest" /Debug /PDB:"D:\year4_1\ImgProcess\HW2_2\x64\Debug\HW2_2.pdb" /SUBSYSTEM:WINDOWS /TLBID:1 /ENTRY:"wWinMainCRTStartup" /DYNAMICBASE /NXCOMPAT /IMPLIB:"D:\year4_1\ImgProcess\HW2_2\x64\Debug\HW2_2.lib" /MACHINE:X64 x64\Debug\HW2_2.res
         x64\Debug\HW2_2.obj
         x64\Debug\HW2_2Dlg.obj
         x64\Debug\stdafx.obj
         HW2_2.vcxproj -> D:\year4_1\ImgProcess\HW2_2\x64\Debug\HW2_2.exe
     1>專案 "D:\year4_1\ImgProcess\HW2_2\HW2_2\HW2_2.vcxproj" (Build 目標) 建置完成。

建置成功。

經過時間 00:00:27.82
